2025-03-03 10:19:06:196 [32minfo[39m: [32mServer running on http://localhost:5050[39m
2025-03-03 10:19:26:1926 [32minfo[39m: [32mServer running on http://localhost:5050[39m
2025-03-03 10:19:48:1948 [32minfo[39m: [32mServer running on http://localhost:5050[39m
2025-03-03 10:19:54:1954 [32minfo[39m: [32mServer running on http://localhost:5050[39m
2025-03-03 10:20:07:207 [32minfo[39m: [32mServer running on http://localhost:5050[39m
2025-03-03 10:20:12:2012 [32minfo[39m: [32mServer running on http://localhost:5050[39m
2025-03-03 10:20:18:2018 [32minfo[39m: [32mServer running on http://localhost:5050[39m
2025-03-03 10:20:43:2043 [32minfo[39m: [32mServer running on http://localhost:5050[39m
2025-03-03 10:20:49:2049 [32minfo[39m: [32mServer running on http://localhost:5050[39m
2025-03-03 10:21:01:211 [32minfo[39m: [32mServer running on http://localhost:5050[39m
2025-03-03 10:22:03:223 [32minfo[39m: [32mServer running on http://localhost:5050[39m
2025-03-03 10:23:25:2325 [32minfo[39m: [32mServer running on http://localhost:5050[39m
2025-03-03 10:23:43:2343 [32minfo[39m: [32mServer running on http://localhost:5050[39m
2025-03-03 10:23:47:2347 [32minfo[39m: [32mServer running on http://localhost:5050[39m
2025-03-03 10:23:55:2355 [32minfo[39m: [32mServer running on http://localhost:5050[39m
2025-03-03 10:24:01:241 [32minfo[39m: [32mServer running on http://localhost:5050[39m
2025-03-03 10:24:14:2414 [32minfo[39m: [32mServer running on http://localhost:5050[39m
2025-03-03 10:24:25:2425 [32minfo[39m: [32mServer running on http://localhost:5050[39m
2025-03-03 10:24:35:2435 [32minfo[39m: [32mServer running on http://localhost:5050[39m
2025-03-03 10:24:48:2448 [32minfo[39m: [32mServer running on http://localhost:5050[39m
2025-03-03 10:25:02:252 [32minfo[39m: [32mServer running on http://localhost:5050[39m
2025-03-03 10:27:15:2715 [32minfo[39m: [32mServer running on http://localhost:5050[39m
2025-03-03 10:27:21:2721 [32minfo[39m: [32mServer running on http://localhost:5050[39m
2025-03-03 10:27:43:2743 [32minfo[39m: [32mServer running on http://localhost:5050[39m
2025-03-03 10:27:47:2747 [32minfo[39m: [32mServer running on http://localhost:5050[39m
2025-03-03 10:27:51:2751 [32minfo[39m: [32mServer running on http://localhost:5050[39m
2025-03-03 10:28:03:283 [32minfo[39m: [32mServer running on http://localhost:5050[39m
2025-03-03 10:28:11:2811 [32minfo[39m: [32mServer running on http://localhost:5050[39m
2025-03-03 10:28:26:2826 [32minfo[39m: [32mServer running on http://localhost:5050[39m
2025-03-03 10:28:31:2831 [32minfo[39m: [32mServer running on http://localhost:5050[39m
2025-03-03 10:28:37:2837 [32minfo[39m: [32mServer running on http://localhost:5050[39m
2025-03-03 10:28:42:2842 [32minfo[39m: [32mServer running on http://localhost:5050[39m
2025-03-03 10:28:53:2853 [32minfo[39m: [32mServer running on http://localhost:5050[39m
2025-03-03 10:29:05:295 [32minfo[39m: [32mServer running on http://localhost:5050[39m
2025-03-03 10:29:16:2916 [32minfo[39m: [32mServer running on http://localhost:5050[39m
2025-03-03 10:29:22:2922 [32minfo[39m: [32mServer running on http://localhost:5050[39m
2025-03-03 10:29:28:2928 [32minfo[39m: [32mServer running on http://localhost:5050[39m
2025-03-03 10:29:30:2930 [32minfo[39m: [32mServer running on http://localhost:5050[39m
2025-03-03 10:29:47:2947 [32minfo[39m: [32mServer running on http://localhost:5050[39m
2025-03-03 10:29:53:2953 [32minfo[39m: [32mServer running on http://localhost:5050[39m
2025-03-03 10:30:05:305 [32minfo[39m: [32mServer running on http://localhost:5050[39m
2025-03-03 10:30:13:3013 [32minfo[39m: [32mServer running on http://localhost:5050[39m
2025-03-03 10:30:18:3018 [32minfo[39m: [32mServer running on http://localhost:5050[39m
2025-03-03 10:30:28:3028 [32minfo[39m: [32mServer running on http://localhost:5050[39m
2025-03-03 10:30:39:3039 [32minfo[39m: [32mServer running on http://localhost:5050[39m
2025-03-03 10:30:49:3049 [32minfo[39m: [32mServer running on http://localhost:5050[39m
2025-03-03 10:30:56:3056 [32minfo[39m: [32mServer running on http://localhost:5050[39m
2025-03-03 10:31:02:312 [32minfo[39m: [32mServer running on http://localhost:5050[39m
2025-03-03 10:31:11:3111 [32minfo[39m: [32mServer running on http://localhost:5050[39m
2025-03-03 10:31:23:3123 [32minfo[39m: [32mServer running on http://localhost:5050[39m
2025-03-03 10:36:23:3623 [32minfo[39m: [32mServer running on http://localhost:5050[39m
2025-03-03 10:36:37:3637 [32minfo[39m: [32mServer running on http://localhost:5050[39m
2025-03-03 10:36:53:3653 [32minfo[39m: [32mServer running on http://localhost:5050[39m
2025-03-03 10:37:02:372 [32minfo[39m: [32mServer running on http://localhost:5050[39m
2025-03-03 10:37:07:377 [32minfo[39m: [32mServer running on http://localhost:5050[39m
2025-03-03 10:37:13:3713 [32minfo[39m: [32mServer running on http://localhost:5050[39m
2025-03-03 10:37:18:3718 [32minfo[39m: [32mServer running on http://localhost:5050[39m
2025-03-03 10:37:26:3726 [32minfo[39m: [32mServer running on http://localhost:5050[39m
2025-03-03 10:37:28:3728 [32minfo[39m: [32mServer running on http://localhost:5050[39m
2025-03-03 10:37:44:3744 [32minfo[39m: [32mServer running on http://localhost:5050[39m
2025-03-03 10:37:48:3748 [32minfo[39m: [32mServer running on http://localhost:5050[39m
2025-03-03 10:38:03:383 [32minfo[39m: [32mServer running on http://localhost:5050[39m
2025-03-03 10:38:09:389 [32minfo[39m: [32m[db] MongoDB Connected[39m
2025-03-03 10:38:09:389 [32minfo[39m: [32mServer running on http://localhost:5050[39m
2025-03-03 10:38:15:3815 [32minfo[39m: [32m[DB] MongoDB Connected[39m
2025-03-03 10:38:15:3815 [32minfo[39m: [32mServer running on http://localhost:5050[39m
2025-03-03 10:38:20:3820 [32minfo[39m: [32m[DB] MongoDB Connected[39m
2025-03-03 10:38:20:3820 [32minfo[39m: [32mServer running on http://localhost:5050[39m
2025-03-03 13:14:00:140 [32minfo[39m: [32m[DB] MongoDB Connected[39m
2025-03-03 13:14:00:140 [32minfo[39m: [32mServer running on http://localhost:5050[39m
2025-03-03 13:26:18:2618 [32minfo[39m: [32m[DB] MongoDB Connected[39m
2025-03-03 13:26:18:2618 [32minfo[39m: [32mServer running on http://localhost:5050[39m
2025-03-03 13:42:17:4217 [32minfo[39m: [32m[DB] MongoDB Connected[39m
2025-03-03 13:42:17:4217 [32minfo[39m: [32mServer running on http://localhost:5050[39m
2025-03-03 13:42:20:4220 [32minfo[39m: [32m[DB] MongoDB Connected[39m
2025-03-03 13:42:20:4220 [32minfo[39m: [32mServer running on http://localhost:5050[39m
2025-03-03 13:42:29:4229 [32minfo[39m: [32m[DB] MongoDB Connected[39m
2025-03-03 13:42:29:4229 [32minfo[39m: [32mServer running on http://localhost:5050[39m
2025-03-03 13:42:47:4247 [32minfo[39m: [32m[DB] MongoDB Connected[39m
2025-03-03 13:42:47:4247 [32minfo[39m: [32mServer running on http://localhost:5050[39m
2025-03-03 13:42:55:4255 [32minfo[39m: [32m[DB] MongoDB Connected[39m
2025-03-03 13:42:55:4255 [32minfo[39m: [32mServer running on http://localhost:5050[39m
2025-03-03 13:43:19:4319 [32minfo[39m: [32m[DB] MongoDB Connected[39m
2025-03-03 13:43:19:4319 [32minfo[39m: [32mServer running on http://localhost:5050[39m
2025-03-03 13:44:04:444 [32minfo[39m: [32m[DB] MongoDB Connected[39m
2025-03-03 13:44:04:444 [32minfo[39m: [32mServer running on http://localhost:5050[39m
2025-03-03 14:12:56:1256 [32minfo[39m: [32m[DB] MongoDB Connected[39m
2025-03-03 14:12:56:1256 [32minfo[39m: [32mServer running on http://localhost:5050[39m
2025-03-03 14:12:59:1259 [32minfo[39m: [32m[DB] MongoDB Connected[39m
2025-03-03 14:12:59:1259 [32minfo[39m: [32mServer running on http://localhost:5050[39m
2025-03-03 14:13:01:131 [32minfo[39m: [32m[DB] MongoDB Connected[39m
2025-03-03 14:13:01:131 [32minfo[39m: [32mServer running on http://localhost:5050[39m
2025-03-03 14:15:33:1533 [32minfo[39m: [32m[DB] MongoDB Connected[39m
2025-03-03 14:15:33:1533 [32minfo[39m: [32mServer running on http://localhost:5050[39m
2025-03-03 14:15:37:1537 [32minfo[39m: [32m[DB] MongoDB Connected[39m
2025-03-03 14:15:37:1537 [32minfo[39m: [32mServer running on http://localhost:5050[39m
2025-03-03 14:16:46:1646 [32minfo[39m: [32m[DB] MongoDB Connected[39m
2025-03-03 14:16:46:1646 [32minfo[39m: [32mServer running on http://localhost:5050[39m
2025-03-03 14:16:53:1653 [32minfo[39m: [32m[DB] MongoDB Connected[39m
2025-03-03 14:16:53:1653 [32minfo[39m: [32mServer running on http://localhost:5050[39m
2025-03-03 14:23:54:2354 [32minfo[39m: [32m[DB] MongoDB Connected[39m
2025-03-03 14:23:54:2354 [32minfo[39m: [32mServer running on http://localhost:5050[39m
2025-03-03 14:24:28:2428 [32minfo[39m: [32m[DB] MongoDB Connected[39m
2025-03-03 14:24:28:2428 [32minfo[39m: [32mServer running on http://localhost:5050[39m
2025-03-03 14:27:46:2746 [32minfo[39m: [32m[DB] MongoDB Connected[39m
2025-03-03 14:27:46:2746 [32minfo[39m: [32mServer running on http://localhost:5050[39m
2025-03-03 14:27:50:2750 [32minfo[39m: [32m[DB] MongoDB Connected[39m
2025-03-03 14:27:50:2750 [32minfo[39m: [32mServer running on http://localhost:5050[39m
2025-03-03 14:32:43:3243 [32minfo[39m: [32m[DB] MongoDB Connected[39m
2025-03-03 14:32:43:3243 [32minfo[39m: [32mServer running on http://localhost:5050[39m
2025-03-03 14:33:14:3314 [32minfo[39m: [32m[DB] MongoDB Connected[39m
2025-03-03 14:33:14:3314 [32minfo[39m: [32mServer running on http://localhost:5050[39m
2025-03-03 14:33:21:3321 [32minfo[39m: [32m[DB] MongoDB Connected[39m
2025-03-03 14:33:21:3321 [32minfo[39m: [32mServer running on http://localhost:5050[39m
2025-03-03 14:33:24:3324 [32minfo[39m: [32m[DB] MongoDB Connected[39m
2025-03-03 14:33:24:3324 [32minfo[39m: [32mServer running on http://localhost:5050[39m
2025-03-03 14:33:47:3347 [32minfo[39m: [32m[DB] MongoDB Connected[39m
2025-03-03 14:33:47:3347 [32minfo[39m: [32mServer running on http://localhost:5050[39m
2025-03-03 14:33:52:3352 [32minfo[39m: [32m[DB] MongoDB Connected[39m
2025-03-03 14:33:52:3352 [32minfo[39m: [32mServer running on http://localhost:5050[39m
2025-03-03 14:34:01:341 [32minfo[39m: [32m[DB] MongoDB Connected[39m
2025-03-03 14:34:01:341 [32minfo[39m: [32mServer running on http://localhost:5050[39m
2025-03-03 14:37:06:376 [32minfo[39m: [32m[DB] MongoDB Connected[39m
2025-03-03 14:37:06:376 [32minfo[39m: [32mServer running on http://localhost:5050[39m
2025-03-03 14:37:13:3713 [32minfo[39m: [32m[DB] MongoDB Connected[39m
2025-03-03 14:37:13:3713 [32minfo[39m: [32mServer running on http://localhost:5050[39m
2025-03-03 14:37:36:3736 [32minfo[39m: [32m[DB] MongoDB Connected[39m
2025-03-03 14:37:36:3736 [32minfo[39m: [32mServer running on http://localhost:5050[39m
2025-03-03 14:37:54:3754 [32minfo[39m: [32m[DB] MongoDB Connected[39m
2025-03-03 14:37:54:3754 [32minfo[39m: [32mServer running on http://localhost:5050[39m
2025-03-03 14:38:01:381 [32minfo[39m: [32m[DB] MongoDB Connected[39m
2025-03-03 14:38:01:381 [32minfo[39m: [32mServer running on http://localhost:5050[39m
2025-03-03 14:38:04:384 [32minfo[39m: [32m[DB] MongoDB Connected[39m
2025-03-03 14:38:04:384 [32minfo[39m: [32mServer running on http://localhost:5050[39m
2025-03-03 14:38:49:3849 [32minfo[39m: [32m[DB] MongoDB Connected[39m
2025-03-03 14:38:49:3849 [32minfo[39m: [32mServer running on http://localhost:5050[39m
2025-03-03 14:38:54:3854 [32minfo[39m: [32m[DB] MongoDB Connected[39m
2025-03-03 14:38:54:3854 [32minfo[39m: [32mServer running on http://localhost:5050[39m
2025-03-03 14:39:03:393 [32minfo[39m: [32m[DB] MongoDB Connected[39m
2025-03-03 14:39:03:393 [32minfo[39m: [32mServer running on http://localhost:5050[39m
2025-03-03 14:39:10:3910 [32minfo[39m: [32m[DB] MongoDB Connected[39m
2025-03-03 14:39:10:3910 [32minfo[39m: [32mServer running on http://localhost:5050[39m
2025-03-03 14:39:19:3919 [32minfo[39m: [32m[DB] MongoDB Connected[39m
2025-03-03 14:39:19:3919 [32minfo[39m: [32mServer running on http://localhost:5050[39m
2025-03-03 14:39:23:3923 [32minfo[39m: [32m[DB] MongoDB Connected[39m
2025-03-03 14:39:23:3923 [32minfo[39m: [32mServer running on http://localhost:5050[39m
2025-03-03 14:39:29:3929 [32minfo[39m: [32m[DB] MongoDB Connected[39m
2025-03-03 14:39:29:3929 [32minfo[39m: [32mServer running on http://localhost:5050[39m
2025-03-03 14:39:37:3937 [32minfo[39m: [32m[DB] MongoDB Connected[39m
2025-03-03 14:39:37:3937 [32minfo[39m: [32mServer running on http://localhost:5050[39m
2025-03-03 14:39:42:3942 [32minfo[39m: [32m[DB] MongoDB Connected[39m
2025-03-03 14:39:42:3942 [32minfo[39m: [32mServer running on http://localhost:5050[39m
2025-03-03 14:39:48:3948 [32minfo[39m: [32m[DB] MongoDB Connected[39m
2025-03-03 14:39:48:3948 [32minfo[39m: [32mServer running on http://localhost:5050[39m
2025-03-03 14:39:59:3959 [32minfo[39m: [32m[DB] MongoDB Connected[39m
2025-03-03 14:39:59:3959 [32minfo[39m: [32mServer running on http://localhost:5050[39m
2025-03-03 14:40:03:403 [32minfo[39m: [32m[DB] MongoDB Connected[39m
2025-03-03 14:40:03:403 [32minfo[39m: [32mServer running on http://localhost:5050[39m
2025-03-03 14:40:08:408 [32minfo[39m: [32m[DB] MongoDB Connected[39m
2025-03-03 14:40:08:408 [32minfo[39m: [32mServer running on http://localhost:5050[39m
2025-03-03 14:40:11:4011 [32minfo[39m: [32m[DB] MongoDB Connected[39m
2025-03-03 14:40:11:4011 [32minfo[39m: [32mServer running on http://localhost:5050[39m
2025-03-03 14:40:14:4014 [32minfo[39m: [32m[DB] MongoDB Connected[39m
2025-03-03 14:40:14:4014 [32minfo[39m: [32mServer running on http://localhost:5050[39m
2025-03-03 14:40:16:4016 [32minfo[39m: [32m[DB] MongoDB Connected[39m
2025-03-03 14:40:16:4016 [32minfo[39m: [32mServer running on http://localhost:5050[39m
2025-03-03 14:40:19:4019 [32minfo[39m: [32m[DB] MongoDB Connected[39m
2025-03-03 14:40:19:4019 [32minfo[39m: [32mServer running on http://localhost:5050[39m
2025-03-03 14:40:25:4025 [32minfo[39m: [32m[DB] MongoDB Connected[39m
2025-03-03 14:40:25:4025 [32minfo[39m: [32mServer running on http://localhost:5050[39m
2025-03-03 14:40:59:4059 [32minfo[39m: [32m[DB] MongoDB Connected[39m
2025-03-03 14:40:59:4059 [32minfo[39m: [32mServer running on http://localhost:5050[39m
2025-03-03 14:41:07:417 [32minfo[39m: [32m[DB] MongoDB Connected[39m
2025-03-03 14:41:07:417 [32minfo[39m: [32mServer running on http://localhost:5050[39m
2025-03-03 14:41:13:4113 [32minfo[39m: [32m[DB] MongoDB Connected[39m
2025-03-03 14:41:13:4113 [32minfo[39m: [32mServer running on http://localhost:5050[39m
2025-03-03 14:41:20:4120 [32minfo[39m: [32m[DB] MongoDB Connected[39m
2025-03-03 14:41:20:4120 [32minfo[39m: [32mServer running on http://localhost:5050[39m
2025-03-03 14:41:32:4132 [32minfo[39m: [32m[DB] MongoDB Connected[39m
2025-03-03 14:41:32:4132 [32minfo[39m: [32mServer running on http://localhost:5050[39m
2025-03-03 14:41:53:4153 [32minfo[39m: [32m[DB] MongoDB Connected[39m
2025-03-03 14:41:53:4153 [32minfo[39m: [32mServer running on http://localhost:5050[39m
2025-03-03 14:42:07:427 [32minfo[39m: [32m[DB] MongoDB Connected[39m
2025-03-03 14:42:07:427 [32minfo[39m: [32mServer running on http://localhost:5050[39m
2025-03-03 14:42:20:4220 [32minfo[39m: [32m[DB] MongoDB Connected[39m
2025-03-03 14:42:20:4220 [32minfo[39m: [32mServer running on http://localhost:5050[39m
2025-03-03 15:50:56:5056 [32minfo[39m: [32m[DB] MongoDB Connected[39m
2025-03-03 15:50:56:5056 [32minfo[39m: [32mServer running on http://localhost:5050[39m
2025-03-03 15:51:05:515 [32minfo[39m: [32m[DB] MongoDB Connected[39m
2025-03-03 15:51:05:515 [32minfo[39m: [32mServer running on http://localhost:5050[39m
2025-03-03 15:51:28:5128 [32minfo[39m: [32m[DB] MongoDB Connected[39m
2025-03-03 15:51:28:5128 [32minfo[39m: [32mServer running on http://localhost:5050[39m
2025-03-03 15:51:33:5133 [32minfo[39m: [32m[DB] MongoDB Connected[39m
2025-03-03 15:51:33:5133 [32minfo[39m: [32mServer running on http://localhost:5050[39m
2025-03-03 15:51:45:5145 [32minfo[39m: [32m[DB] MongoDB Connected[39m
2025-03-03 15:51:45:5145 [32minfo[39m: [32mServer running on http://localhost:5050[39m
2025-03-03 15:51:48:5148 [32minfo[39m: [32m[DB] MongoDB Connected[39m
2025-03-03 15:51:48:5148 [32minfo[39m: [32mServer running on http://localhost:5050[39m
2025-03-03 15:51:52:5152 [32minfo[39m: [32m[DB] MongoDB Connected[39m
2025-03-03 15:51:52:5152 [32minfo[39m: [32mServer running on http://localhost:5050[39m
2025-03-03 15:51:55:5155 [32minfo[39m: [32m[DB] MongoDB Connected[39m
2025-03-03 15:51:55:5155 [32minfo[39m: [32mServer running on http://localhost:5050[39m
2025-03-03 15:51:58:5158 [32minfo[39m: [32m[DB] MongoDB Connected[39m
2025-03-03 15:51:58:5158 [32minfo[39m: [32mServer running on http://localhost:5050[39m
2025-03-03 15:52:03:523 [32minfo[39m: [32m[DB] MongoDB Connected[39m
2025-03-03 15:52:03:523 [32minfo[39m: [32mServer running on http://localhost:5050[39m
2025-03-03 15:52:12:5212 [32minfo[39m: [32m[DB] MongoDB Connected[39m
2025-03-03 15:52:12:5212 [32minfo[39m: [32mServer running on http://localhost:5050[39m
2025-03-03 15:52:21:5221 [32minfo[39m: [32m[DB] MongoDB Connected[39m
2025-03-03 15:52:21:5221 [32minfo[39m: [32mServer running on http://localhost:5050[39m
2025-03-03 15:52:28:5228 [32minfo[39m: [32m[DB] MongoDB Connected[39m
2025-03-03 15:52:28:5228 [32minfo[39m: [32mServer running on http://localhost:5050[39m
2025-03-03 15:52:42:5242 [32minfo[39m: [32m[DB] MongoDB Connected[39m
2025-03-03 15:52:42:5242 [32minfo[39m: [32mServer running on http://localhost:5050[39m
2025-03-03 15:56:52:5652 [35mhttp[39m: [35mPOST /api/auth/register[39m
2025-03-03 15:56:52:5652 [32minfo[39m: [32m[AUTH] User registered: 67c560c4878b9b9a5d4a5a76[39m
2025-03-03 15:56:52:5652 [35mhttp[39m: [35mPOST /register 201 - 188ms[39m
2025-03-03 15:57:13:5713 [35mhttp[39m: [35mPOST /api/auth/login[39m
2025-03-03 15:57:13:5713 [32minfo[39m: [32m[AUTH] Login successful: 67c019ae7da461bbd4c5865d[39m
2025-03-03 15:57:13:5713 [35mhttp[39m: [35mPOST /login 200 - 103ms[39m
2025-03-03 15:57:25:5725 [35mhttp[39m: [35mGET /api/follow/67bef5cea27da31d1cea1366/followers[39m
2025-03-03 15:57:25:5725 [31merror[39m: [31m[AUTH] Invalid token: eyJhbGciOiJIUzI1NiIsInR5cCI6IkpXVCJ9.eyJpZCI6IjY3YmVlODQyMzQwYzdjOWFmNmE5MjU0OCIsImlhdCI6MTc0MDYzNjEyOCwiZXhwIjoxNzQzMjI4MTI4fQ.OImn308fXShbqyfxQ-FKWCGAGSQoVi_ciN7h1xH1zjk[39m
2025-03-03 15:57:25:5725 [35mhttp[39m: [35mGET /67bef5cea27da31d1cea1366/followers 401 - 130ms[39m
2025-03-03 15:57:52:5752 [35mhttp[39m: [35mGET /api/follow/67bef5cea27da31d1cea1366/followers[39m
2025-03-03 15:57:52:5752 [31merror[39m: [31m[AUTH] Invalid token: eyJhbGciOiJIUzI1NiIsInR5cCI6IkpXVCJ9.eyJ1c2VySWQiOiI2N2MwMTlhZTdkYTQ2MWJiZDRjNTg2NWQiLCJpYXQiOjE3NDA5ODg2MzMsImV4cCI6MTc0MTA3NTAzM30.ZESMk_NHNkr6vYTnyH2i3hbY5LUTGzj27RPXoMIsRN0[39m
2025-03-03 15:57:52:5752 [35mhttp[39m: [35mGET /67bef5cea27da31d1cea1366/followers 401 - 37ms[39m
2025-03-03 15:57:58:5758 [35mhttp[39m: [35mGET /api/follow/67bef5cea27da31d1cea1366/followers[39m
2025-03-03 15:57:58:5758 [31merror[39m: [31m[AUTH] Invalid token: eyJhbGciOiJIUzI1NiIsInR5cCI6IkpXVCJ9.eyJ1c2VySWQiOiI2N2MwMTlhZTdkYTQ2MWJiZDRjNTg2NWQiLCJpYXQiOjE3NDA5ODg2MzMsImV4cCI6MTc0MTA3NTAzM30.ZESMk_NHNkr6vYTnyH2i3hbY5LUTGzj27RPXoMIsRN0[39m
2025-03-03 15:57:58:5758 [35mhttp[39m: [35mGET /67bef5cea27da31d1cea1366/followers 401 - 44ms[39m
2025-03-03 15:58:07:587 [35mhttp[39m: [35mPOST /api/follow/67c019ae7da461bbd4c5865d/follow[39m
2025-03-03 15:58:07:587 [31merror[39m: [31m[AUTH] Invalid token: eyJhbGciOiJIUzI1NiIsInR5cCI6IkpXVCJ9.eyJ1c2VySWQiOiI2N2MwMTlhZTdkYTQ2MWJiZDRjNTg2NWQiLCJpYXQiOjE3NDA5ODg2MzMsImV4cCI6MTc0MTA3NTAzM30.ZESMk_NHNkr6vYTnyH2i3hbY5LUTGzj27RPXoMIsRN0[39m
2025-03-03 15:58:07:587 [35mhttp[39m: [35mPOST /67c019ae7da461bbd4c5865d/follow 401 - 38ms[39m
2025-03-03 15:59:51:5951 [35mhttp[39m: [35mGET /api/follow/67bef5cea27da31d1cea1366/followers[39m
2025-03-03 15:59:51:5951 [31merror[39m: [31m[AUTH] Invalid token: eyJhbGciOiJIUzI1NiIsInR5cCI6IkpXVCJ9.eyJ1c2VySWQiOiI2N2MwMTlhZTdkYTQ2MWJiZDRjNTg2NWQiLCJpYXQiOjE3NDA5ODg2MzMsImV4cCI6MTc0MTA3NTAzM30.ZESMk_NHNkr6vYTnyH2i3hbY5LUTGzj27RPXoMIsRN0[39m
2025-03-03 15:59:51:5951 [35mhttp[39m: [35mGET /67bef5cea27da31d1cea1366/followers 401 - 51ms[39m
2025-03-03 16:07:20:720 [32minfo[39m: [32m[DB] MongoDB Connected[39m
2025-03-03 16:07:20:720 [32minfo[39m: [32mServer running on http://localhost:5050[39m
2025-03-03 16:10:16:1016 [32minfo[39m: [32m[DB] MongoDB Connected[39m
2025-03-03 16:10:16:1016 [32minfo[39m: [32mServer running on http://localhost:5050[39m
2025-03-03 16:10:20:1020 [32minfo[39m: [32m[DB] MongoDB Connected[39m
2025-03-03 16:10:20:1020 [32minfo[39m: [32mServer running on http://localhost:5050[39m
2025-03-03 16:10:29:1029 [32minfo[39m: [32m[DB] MongoDB Connected[39m
2025-03-03 16:10:29:1029 [32minfo[39m: [32mServer running on http://localhost:5050[39m
2025-03-03 16:10:35:1035 [32minfo[39m: [32m[DB] MongoDB Connected[39m
2025-03-03 16:10:35:1035 [32minfo[39m: [32mServer running on http://localhost:5050[39m
2025-03-03 16:10:39:1039 [32minfo[39m: [32m[DB] MongoDB Connected[39m
2025-03-03 16:10:39:1039 [32minfo[39m: [32mServer running on http://localhost:5050[39m
2025-03-03 16:12:11:1211 [35mhttp[39m: [35mPOST /api/auth/login[39m
2025-03-03 16:12:11:1211 [32minfo[39m: [32m[AUTH] Login successful: 67c019ae7da461bbd4c5865d[39m
2025-03-03 16:12:11:1211 [35mhttp[39m: [35mPOST /login 200 - 208ms[39m
2025-03-03 16:13:14:1314 [35mhttp[39m: [35mPOST /api/follow/67c019ae7da461bbd4c5865d/follow[39m
2025-03-03 16:13:14:1314 [32minfo[39m: [32m[FOLLOW] Processing follow request: 67c019ae7da461bbd4c5865d -> 67c019ae7da461bbd4c5865d[39m
2025-03-03 16:13:14:1314 [32minfo[39m: [32m[FOLLOW] Connected clients: [39m
2025-03-03 16:13:14:1314 [32minfo[39m: [32m[FOLLOW] Found WebSocket for 67c019ae7da461bbd4c5865d: false[39m
2025-03-03 16:13:14:1314 [31merror[39m: [31m[FOLLOW] Cannot follow yourself: 67c019ae7da461bbd4c5865d -> 67c019ae7da461bbd4c5865d[39m
2025-03-03 16:13:14:1314 [35mhttp[39m: [35mPOST /67c019ae7da461bbd4c5865d/follow 400 - 60ms[39m
2025-03-03 16:13:15:1315 [31merror[39m: [31m[FOLLOW] Server error: Error [ERR_HTTP_HEADERS_SENT]: Cannot set headers after they are sent to the client[39m
2025-03-03 16:15:05:155 [32minfo[39m: [32m[DB] MongoDB Connected[39m
2025-03-03 16:15:05:155 [32minfo[39m: [32mServer running on http://localhost:5050[39m
2025-03-03 16:15:27:1527 [32minfo[39m: [32m[DB] MongoDB Connected[39m
2025-03-03 16:15:27:1527 [32minfo[39m: [32mServer running on http://localhost:5050[39m
2025-03-03 16:16:19:1619 [32minfo[39m: [32m[DB] MongoDB Connected[39m
2025-03-03 16:16:19:1619 [32minfo[39m: [32mServer running on http://localhost:5050[39m
2025-03-03 16:16:27:1627 [32minfo[39m: [32m[DB] MongoDB Connected[39m
2025-03-03 16:16:27:1627 [32minfo[39m: [32mServer running on http://localhost:5050[39m
2025-03-03 16:16:32:1632 [32minfo[39m: [32m[DB] MongoDB Connected[39m
2025-03-03 16:16:32:1632 [32minfo[39m: [32mServer running on http://localhost:5050[39m
2025-03-03 16:16:38:1638 [35mhttp[39m: [35mPOST /api/auth/login[39m
2025-03-03 16:16:38:1638 [32minfo[39m: [32m[AUTH] Login successful: 67c019ba7da461bbd4c58660[39m
2025-03-03 16:16:38:1638 [35mhttp[39m: [35mPOST /login 200 - 140ms[39m
2025-03-03 16:16:54:1654 [35mhttp[39m: [35mGET /api/follow/67c019ba7da461bbd4c58660/followers[39m
2025-03-03 16:16:54:1654 [31merror[39m: [31m[AUTH] Invalid token: eyJhbGciOiJIUzI1NiIsInR5cCI6IkpXVCJ9.eyJ1c2VySWQiOiI2N2MwMTlhZTdkYTQ2MWJiZDRjNTg2NWQiLCJpYXQiOjE3NDA5ODg2MzMsImV4cCI6MTc0MTA3NTAzM30.ZESMk_NHNkr6vYTnyH2i3hbY5LUTGzj27RPXoMIsRN0[39m
2025-03-03 16:16:54:1654 [35mhttp[39m: [35mGET /67c019ba7da461bbd4c58660/followers 401 - 69ms[39m
2025-03-03 16:17:01:171 [35mhttp[39m: [35mPOST /api/follow/67c019ba7da461bbd4c58660/follow[39m
2025-03-03 16:17:01:171 [32minfo[39m: [32m[FOLLOW] Processing follow request: 67c019ae7da461bbd4c5865d -> 67c019ba7da461bbd4c58660[39m
2025-03-03 16:17:01:171 [32minfo[39m: [32m[FOLLOW] Connected clients: [39m
2025-03-03 16:17:01:171 [32minfo[39m: [32m[FOLLOW] Found WebSocket for 67c019ba7da461bbd4c58660: false[39m
2025-03-03 16:17:02:172 [35mhttp[39m: [35mPOST /67c019ba7da461bbd4c58660/follow 201 - 335ms[39m
2025-03-03 16:17:11:1711 [35mhttp[39m: [35mGET /api/follow/67c019ba7da461bbd4c58660/followers[39m
2025-03-03 16:17:11:1711 [35mhttp[39m: [35mGET /67c019ba7da461bbd4c58660/followers 200 - 214ms[39m
2025-03-03 16:17:18:1718 [35mhttp[39m: [35mGET /api/follow/67bee842340c7c9af6a92548/following[39m
2025-03-03 16:17:18:1718 [35mhttp[39m: [35mGET /67bee842340c7c9af6a92548/following 200 - 118ms[39m
2025-03-03 16:17:43:1743 [32minfo[39m: [32m[WebSocket]: User 67c019ae7da461bbd4c5865d registered[39m
2025-03-03 16:17:43:1743 [32minfo[39m: [32m[WebSocket] All registered client IDs:[39m
2025-03-03 16:17:43:1743 [32minfo[39m: [32m- 67c019ae7da461bbd4c5865d[39m
2025-03-03 16:17:56:1756 [35mhttp[39m: [35mDELETE /api/follow/67c019ae7da461bbd4c5865d/unfollow[39m
2025-03-03 16:17:56:1756 [35mhttp[39m: [35mDELETE /67c019ae7da461bbd4c5865d/unfollow 200 - 120ms[39m
2025-03-03 16:18:00:180 [35mhttp[39m: [35mPOST /api/follow/67c019ba7da461bbd4c58660/follow[39m
2025-03-03 16:18:00:180 [32minfo[39m: [32m[FOLLOW] Processing follow request: 67c019ae7da461bbd4c5865d -> 67c019ba7da461bbd4c58660[39m
2025-03-03 16:18:00:180 [32minfo[39m: [32m[FOLLOW] Connected clients: 67c019ae7da461bbd4c5865d[39m
2025-03-03 16:18:00:180 [32minfo[39m: [32m[FOLLOW] Found WebSocket for 67c019ba7da461bbd4c58660: false[39m
2025-03-03 16:18:00:180 [31merror[39m: [31m[FOLLOW] Already followed: 67c019ae7da461bbd4c5865d -> 67c019ba7da461bbd4c58660[39m
2025-03-03 16:18:00:180 [35mhttp[39m: [35mPOST /67c019ba7da461bbd4c58660/follow 400 - 114ms[39m
2025-03-03 16:18:28:1828 [35mhttp[39m: [35mDELETE /api/follow/67c019ba7da461bbd4c58660/unfollow[39m
2025-03-03 16:18:28:1828 [35mhttp[39m: [35mDELETE /67c019ba7da461bbd4c58660/unfollow 200 - 127ms[39m
2025-03-03 16:18:34:1834 [35mhttp[39m: [35mPOST /api/follow/67c019ba7da461bbd4c58660/follow[39m
2025-03-03 16:18:34:1834 [32minfo[39m: [32m[FOLLOW] Processing follow request: 67c019ae7da461bbd4c5865d -> 67c019ba7da461bbd4c58660[39m
2025-03-03 16:18:34:1834 [32minfo[39m: [32m[FOLLOW] Connected clients: 67c019ae7da461bbd4c5865d[39m
2025-03-03 16:18:34:1834 [32minfo[39m: [32m[FOLLOW] Found WebSocket for 67c019ba7da461bbd4c58660: false[39m
2025-03-03 16:18:34:1834 [35mhttp[39m: [35mPOST /67c019ba7da461bbd4c58660/follow 201 - 350ms[39m
2025-03-03 16:21:00:210 [32minfo[39m: [32m[WebSocket]: User 67c019ae7da461bbd4c5865d unregistered[39m
2025-03-03 16:21:22:2122 [32minfo[39m: [32m[WebSocket]: User 67c019ae7da461bbd4c5865d registered[39m
2025-03-03 16:21:22:2122 [32minfo[39m: [32m[WebSocket] All registered client IDs:[39m
2025-03-03 16:21:22:2122 [32minfo[39m: [32m- 67c019ae7da461bbd4c5865d[39m
2025-03-03 16:22:17:2217 [35mhttp[39m: [35mPOST /api/follow/67c019ae7da461bbd4c5865d/follow[39m
2025-03-03 16:22:17:2217 [32minfo[39m: [32m[FOLLOW] Processing follow request: 67c019ae7da461bbd4c5865d -> 67c019ae7da461bbd4c5865d[39m
2025-03-03 16:22:17:2217 [32minfo[39m: [32m[FOLLOW] Connected clients: 67c019ae7da461bbd4c5865d[39m
2025-03-03 16:22:17:2217 [32minfo[39m: [32m[FOLLOW] Found WebSocket for 67c019ae7da461bbd4c5865d: true[39m
2025-03-03 16:22:17:2217 [31merror[39m: [31m[FOLLOW] Cannot follow yourself: 67c019ae7da461bbd4c5865d -> 67c019ae7da461bbd4c5865d[39m
2025-03-03 16:22:17:2217 [35mhttp[39m: [35mPOST /67c019ae7da461bbd4c5865d/follow 400 - 114ms[39m
2025-03-03 16:22:27:2227 [35mhttp[39m: [35mPOST /api/follow/67c019ba7da461bbd4c58660/follow[39m
2025-03-03 16:22:27:2227 [32minfo[39m: [32m[FOLLOW] Processing follow request: 67c019ae7da461bbd4c5865d -> 67c019ba7da461bbd4c58660[39m
2025-03-03 16:22:27:2227 [32minfo[39m: [32m[FOLLOW] Connected clients: 67c019ae7da461bbd4c5865d[39m
2025-03-03 16:22:27:2227 [32minfo[39m: [32m[FOLLOW] Found WebSocket for 67c019ba7da461bbd4c58660: false[39m
2025-03-03 16:22:27:2227 [31merror[39m: [31m[FOLLOW] Already followed: 67c019ae7da461bbd4c5865d -> 67c019ba7da461bbd4c58660[39m
2025-03-03 16:22:27:2227 [35mhttp[39m: [35mPOST /67c019ba7da461bbd4c58660/follow 400 - 140ms[39m
2025-03-03 16:22:38:2238 [35mhttp[39m: [35mDELETE /api/follow/67c019ba7da461bbd4c58660/unfollow[39m
2025-03-03 16:22:39:2239 [35mhttp[39m: [35mDELETE /67c019ba7da461bbd4c58660/unfollow 200 - 386ms[39m
2025-03-03 16:23:03:233 [35mhttp[39m: [35mPOST /api/auth/login[39m
2025-03-03 16:23:03:233 [32minfo[39m: [32m[AUTH] Login successful: 67c019ae7da461bbd4c5865d[39m
2025-03-03 16:23:03:233 [35mhttp[39m: [35mPOST /login 200 - 306ms[39m
2025-03-03 16:23:36:2336 [32minfo[39m: [32m[WebSocket]: User 67c019ae7da461bbd4c5865d registered[39m
2025-03-03 16:23:36:2336 [32minfo[39m: [32m[WebSocket] All registered client IDs:[39m
2025-03-03 16:23:36:2336 [32minfo[39m: [32m- 67c019ae7da461bbd4c5865d[39m
2025-03-03 16:23:49:2349 [35mhttp[39m: [35mPOST /api/follow/67c019ae7da461bbd4c5865d/follow[39m
2025-03-03 16:23:50:2350 [32minfo[39m: [32m[FOLLOW] Processing follow request: 67c019ae7da461bbd4c5865d -> 67c019ae7da461bbd4c5865d[39m
2025-03-03 16:23:50:2350 [32minfo[39m: [32m[FOLLOW] Connected clients: 67c019ae7da461bbd4c5865d[39m
2025-03-03 16:23:50:2350 [32minfo[39m: [32m[FOLLOW] Found WebSocket for 67c019ae7da461bbd4c5865d: true[39m
2025-03-03 16:23:50:2350 [31merror[39m: [31m[FOLLOW] Cannot follow yourself: 67c019ae7da461bbd4c5865d -> 67c019ae7da461bbd4c5865d[39m
2025-03-03 16:23:50:2350 [35mhttp[39m: [35mPOST /67c019ae7da461bbd4c5865d/follow 400 - 62ms[39m
2025-03-03 16:24:05:245 [35mhttp[39m: [35mPOST /api/auth/login[39m
2025-03-03 16:24:05:245 [32minfo[39m: [32m[AUTH] Login successful: 67c019ba7da461bbd4c58660[39m
2025-03-03 16:24:05:245 [35mhttp[39m: [35mPOST /login 200 - 157ms[39m
2025-03-03 16:24:17:2417 [35mhttp[39m: [35mPOST /api/follow/67c019ae7da461bbd4c5865d/follow[39m
2025-03-03 16:24:17:2417 [32minfo[39m: [32m[FOLLOW] Processing follow request: 67c019ba7da461bbd4c58660 -> 67c019ae7da461bbd4c5865d[39m
2025-03-03 16:24:17:2417 [32minfo[39m: [32m[FOLLOW] Connected clients: 67c019ae7da461bbd4c5865d[39m
2025-03-03 16:24:17:2417 [32minfo[39m: [32m[FOLLOW] Found WebSocket for 67c019ae7da461bbd4c5865d: true[39m
2025-03-03 16:24:17:2417 [35mhttp[39m: [35mPOST /67c019ae7da461bbd4c5865d/follow 201 - 293ms[39m
2025-03-03 16:25:20:2520 [35mhttp[39m: [35mPOST /api/block/67c019ba7da461bbd4c58660/block[39m
2025-03-03 16:25:20:2520 [31merror[39m: [31m[BLOCK] Cannot block yourself: 67c019ba7da461bbd4c58660 -> 67c019ba7da461bbd4c58660[39m
2025-03-03 16:25:20:2520 [35mhttp[39m: [35mPOST /67c019ba7da461bbd4c58660/block 400 - 103ms[39m
2025-03-03 16:25:20:2520 [32minfo[39m: [32m[BLOCK] Successfully blocked the user: 67c019ba7da461bbd4c58660 -> 67c019ba7da461bbd4c58660[39m
2025-03-03 16:26:07:267 [32minfo[39m: [32m[DB] MongoDB Connected[39m
2025-03-03 16:26:07:267 [32minfo[39m: [32mServer running on http://localhost:5050[39m
2025-03-03 16:26:18:2618 [32minfo[39m: [32m[DB] MongoDB Connected[39m
2025-03-03 16:26:18:2618 [32minfo[39m: [32mServer running on http://localhost:5050[39m
2025-03-03 16:26:23:2623 [32minfo[39m: [32m[DB] MongoDB Connected[39m
2025-03-03 16:26:23:2623 [32minfo[39m: [32mServer running on http://localhost:5050[39m
2025-03-03 16:26:27:2627 [32minfo[39m: [32m[DB] MongoDB Connected[39m
2025-03-03 16:26:27:2627 [32minfo[39m: [32mServer running on http://localhost:5050[39m
2025-03-03 16:26:36:2636 [35mhttp[39m: [35mPOST /api/block/67c019ae7da461bbd4c5865d/block[39m
2025-03-03 16:26:36:2636 [32minfo[39m: [32m[BLOCK] Successfully blocked the user: 67c019ba7da461bbd4c58660 -> 67c019ae7da461bbd4c5865d[39m
2025-03-03 16:26:36:2636 [35mhttp[39m: [35mPOST /67c019ae7da461bbd4c5865d/block 201 - 268ms[39m
2025-03-03 16:26:40:2640 [35mhttp[39m: [35mGET /api/block/blocked[39m
2025-03-03 16:26:41:2641 [32minfo[39m: [32m[BLOCK] Blocked users: {[39m
[32m  _id: new ObjectId('67c03c1c4bae00a9db484705'),[39m
[32m  blocker: new ObjectId('67c019ae7da461bbd4c5865d'),[39m
[32m  blocked: { _id: new ObjectId('67c019ba7da461bbd4c58660'), username: 'kris' },[39m
[32m  createdAt: 2025-02-27T10:19:08.206Z,[39m
[32m  updatedAt: 2025-02-27T10:19:08.206Z,[39m
[32m  __v: 0[39m
[32m}[39m
2025-03-03 16:26:41:2641 [35mhttp[39m: [35mGET /blocked 200 - 175ms[39m
2025-03-03 16:26:45:2645 [35mhttp[39m: [35mDELETE /api/block/67c019ba7da461bbd4c58660/unblock[39m
2025-03-03 16:26:45:2645 [32minfo[39m: [32m[BLOCK] Successfully unblocked the user: 67c019ae7da461bbd4c5865d -> 67c019ba7da461bbd4c58660[39m
2025-03-03 16:26:45:2645 [35mhttp[39m: [35mDELETE /67c019ba7da461bbd4c58660/unblock 200 - 181ms[39m
